22-Jun-2022 13:55:26.854 정보 [main] org.apache.catalina.startup.VersionLoggerListener.log 서버 버전 이름:    Apache Tomcat/8.5.81
22-Jun-2022 13:55:26.861 정보 [main] org.apache.catalina.startup.VersionLoggerListener.log Server 빌드 시각:  Jun 8 2022 21:30:15 UTC
22-Jun-2022 13:55:26.861 정보 [main] org.apache.catalina.startup.VersionLoggerListener.log Server 버전 번호:  8.5.81.0
22-Jun-2022 13:55:26.861 정보 [main] org.apache.catalina.startup.VersionLoggerListener.log 운영체제 이름:     Windows 10
22-Jun-2022 13:55:26.861 정보 [main] org.apache.catalina.startup.VersionLoggerListener.log 운영체제 버전:     10.0
22-Jun-2022 13:55:26.861 정보 [main] org.apache.catalina.startup.VersionLoggerListener.log 아키텍처:          amd64
22-Jun-2022 13:55:26.861 정보 [main] org.apache.catalina.startup.VersionLoggerListener.log 자바 홈:           D:\B_Util\2.Java\JDK1.8\jre
22-Jun-2022 13:55:26.862 정보 [main] org.apache.catalina.startup.VersionLoggerListener.log JVM 버전:          1.8.0_121-b13
22-Jun-2022 13:55:26.862 정보 [main] org.apache.catalina.startup.VersionLoggerListener.log JVM 벤더:          Oracle Corporation
22-Jun-2022 13:55:26.862 정보 [main] org.apache.catalina.startup.VersionLoggerListener.log CATALINA_BASE:     D:\B_Util\5.ApacheTomcat\apache-tomcat-8.5.81
22-Jun-2022 13:55:26.862 정보 [main] org.apache.catalina.startup.VersionLoggerListener.log CATALINA_HOME:     D:\B_Util\5.ApacheTomcat\apache-tomcat-8.5.81
22-Jun-2022 13:55:26.862 정보 [main] org.apache.catalina.startup.VersionLoggerListener.log 명령 행 아규먼트:  -Djava.util.logging.config.file=D:\B_Util\5.ApacheTomcat\apache-tomcat-8.5.81\conf\logging.properties
22-Jun-2022 13:55:26.862 정보 [main] org.apache.catalina.startup.VersionLoggerListener.log 명령 행 아규먼트:  -Djava.util.logging.manager=org.apache.juli.ClassLoaderLogManager
22-Jun-2022 13:55:26.863 정보 [main] org.apache.catalina.startup.VersionLoggerListener.log 명령 행 아규먼트:  -Djdk.tls.ephemeralDHKeySize=2048
22-Jun-2022 13:55:26.863 정보 [main] org.apache.catalina.startup.VersionLoggerListener.log 명령 행 아규먼트:  -Djava.protocol.handler.pkgs=org.apache.catalina.webresources
22-Jun-2022 13:55:26.863 정보 [main] org.apache.catalina.startup.VersionLoggerListener.log 명령 행 아규먼트:  -Dignore.endorsed.dirs=
22-Jun-2022 13:55:26.864 정보 [main] org.apache.catalina.startup.VersionLoggerListener.log 명령 행 아규먼트:  -Dcatalina.base=D:\B_Util\5.ApacheTomcat\apache-tomcat-8.5.81
22-Jun-2022 13:55:26.864 정보 [main] org.apache.catalina.startup.VersionLoggerListener.log 명령 행 아규먼트:  -Dcatalina.home=D:\B_Util\5.ApacheTomcat\apache-tomcat-8.5.81
22-Jun-2022 13:55:26.864 정보 [main] org.apache.catalina.startup.VersionLoggerListener.log 명령 행 아규먼트:  -Djava.io.tmpdir=D:\B_Util\5.ApacheTomcat\apache-tomcat-8.5.81\temp
22-Jun-2022 13:55:26.865 정보 [main] org.apache.catalina.core.AprLifecycleListener.lifecycleEvent APR 버전 [1.7.0]을(를) 사용한, APR 기반 Apache Tomcat Native 라이브러리 [1.2.33]을(를) 로드했습니다.
22-Jun-2022 13:55:26.871 정보 [main] org.apache.catalina.core.AprLifecycleListener.lifecycleEvent APR 용량정보들: IPv6 [true], sendfile [true], accept filters [false], random [true], UDS [{4}].
22-Jun-2022 13:55:26.873 정보 [main] org.apache.catalina.core.AprLifecycleListener.lifecycleEvent APR/OpenSSL 설정: useAprConnector [false], useOpenSSL [true]
22-Jun-2022 13:55:26.876 정보 [main] org.apache.catalina.core.AprLifecycleListener.initializeSSL OpenSSL이 성공적으로 초기화되었습니다: [OpenSSL 1.1.1o  3 May 2022]
22-Jun-2022 13:55:26.987 정보 [main] org.apache.coyote.AbstractProtocol.init 프로토콜 핸들러 ["http-nio-8080"]을(를) 초기화합니다.
22-Jun-2022 13:55:26.995 심각 [main] org.apache.catalina.core.StandardService.initInternal Failed to initialize connector [Connector[HTTP/1.1-8080]]
	org.apache.catalina.LifecycleException: 프로토콜 핸들러 초기화가 실패했습니다.
		at org.apache.catalina.connector.Connector.initInternal(Connector.java:1115)
		at org.apache.catalina.util.LifecycleBase.init(LifecycleBase.java:136)
		at org.apache.catalina.core.StandardService.initInternal(StandardService.java:571)
		at org.apache.catalina.util.LifecycleBase.init(LifecycleBase.java:136)
		at org.apache.catalina.core.StandardServer.initInternal(StandardServer.java:874)
		at org.apache.catalina.util.LifecycleBase.init(LifecycleBase.java:136)
		at org.apache.catalina.startup.Catalina.load(Catalina.java:646)
		at org.apache.catalina.startup.Catalina.load(Catalina.java:669)
		at sun.reflect.NativeMethodAccessorImpl.invoke0(Native Method)
		at sun.reflect.NativeMethodAccessorImpl.invoke(NativeMethodAccessorImpl.java:62)
		at sun.reflect.DelegatingMethodAccessorImpl.invoke(DelegatingMethodAccessorImpl.java:43)
		at java.lang.reflect.Method.invoke(Method.java:498)
		at org.apache.catalina.startup.Bootstrap.load(Bootstrap.java:305)
		at org.apache.catalina.startup.Bootstrap.main(Bootstrap.java:475)
	Caused by: java.net.BindException: Address already in use: bind
		at sun.nio.ch.Net.bind0(Native Method)
		at sun.nio.ch.Net.bind(Net.java:433)
		at sun.nio.ch.Net.bind(Net.java:425)
		at sun.nio.ch.ServerSocketChannelImpl.bind(ServerSocketChannelImpl.java:223)
		at sun.nio.ch.ServerSocketAdaptor.bind(ServerSocketAdaptor.java:74)
		at org.apache.tomcat.util.net.NioEndpoint.initServerSocket(NioEndpoint.java:224)
		at org.apache.tomcat.util.net.NioEndpoint.bind(NioEndpoint.java:200)
		at org.apache.tomcat.util.net.AbstractEndpoint.bindWithCleanup(AbstractEndpoint.java:1221)
		at org.apache.tomcat.util.net.AbstractEndpoint.init(AbstractEndpoint.java:1234)
		at org.apache.tomcat.util.net.AbstractJsseEndpoint.init(AbstractJsseEndpoint.java:230)
		at org.apache.coyote.AbstractProtocol.init(AbstractProtocol.java:633)
		at org.apache.coyote.http11.AbstractHttp11Protocol.init(AbstractHttp11Protocol.java:80)
		at org.apache.catalina.connector.Connector.initInternal(Connector.java:1112)
		... 13 more
22-Jun-2022 13:55:26.996 정보 [main] org.apache.catalina.startup.Catalina.load Initialization processed in 403 ms
22-Jun-2022 13:55:27.021 정보 [main] org.apache.catalina.core.StandardService.startInternal 서비스 [Catalina]을(를) 시작합니다.
22-Jun-2022 13:55:27.022 정보 [main] org.apache.catalina.core.StandardEngine.startInternal 서버 엔진을 시작합니다: [Apache Tomcat/8.5.81]
22-Jun-2022 13:55:27.029 정보 [localhost-startStop-1] org.apache.catalina.startup.HostConfig.deployDirectory 웹 애플리케이션 디렉토리 [D:\B_Util\5.ApacheTomcat\apache-tomcat-8.5.81\webapps\docs]을(를) 배치합니다.
22-Jun-2022 13:55:27.165 정보 [localhost-startStop-1] org.apache.catalina.startup.HostConfig.deployDirectory 웹 애플리케이션 디렉토리 [D:\B_Util\5.ApacheTomcat\apache-tomcat-8.5.81\webapps\docs]에 대한 배치가 [135] 밀리초에 완료되었습니다.
22-Jun-2022 13:55:27.166 정보 [localhost-startStop-1] org.apache.catalina.startup.HostConfig.deployDirectory 웹 애플리케이션 디렉토리 [D:\B_Util\5.ApacheTomcat\apache-tomcat-8.5.81\webapps\examples]을(를) 배치합니다.
22-Jun-2022 13:55:27.320 정보 [localhost-startStop-1] org.apache.catalina.startup.HostConfig.deployDirectory 웹 애플리케이션 디렉토리 [D:\B_Util\5.ApacheTomcat\apache-tomcat-8.5.81\webapps\examples]에 대한 배치가 [154] 밀리초에 완료되었습니다.
22-Jun-2022 13:55:27.321 정보 [localhost-startStop-1] org.apache.catalina.startup.HostConfig.deployDirectory 웹 애플리케이션 디렉토리 [D:\B_Util\5.ApacheTomcat\apache-tomcat-8.5.81\webapps\host-manager]을(를) 배치합니다.
22-Jun-2022 13:55:27.334 정보 [localhost-startStop-1] org.apache.catalina.startup.HostConfig.deployDirectory 웹 애플리케이션 디렉토리 [D:\B_Util\5.ApacheTomcat\apache-tomcat-8.5.81\webapps\host-manager]에 대한 배치가 [13] 밀리초에 완료되었습니다.
22-Jun-2022 13:55:27.335 정보 [localhost-startStop-1] org.apache.catalina.startup.HostConfig.deployDirectory 웹 애플리케이션 디렉토리 [D:\B_Util\5.ApacheTomcat\apache-tomcat-8.5.81\webapps\manager]을(를) 배치합니다.
22-Jun-2022 13:55:27.346 정보 [localhost-startStop-1] org.apache.catalina.startup.HostConfig.deployDirectory 웹 애플리케이션 디렉토리 [D:\B_Util\5.ApacheTomcat\apache-tomcat-8.5.81\webapps\manager]에 대한 배치가 [11] 밀리초에 완료되었습니다.
22-Jun-2022 13:55:27.346 정보 [localhost-startStop-1] org.apache.catalina.startup.HostConfig.deployDirectory 웹 애플리케이션 디렉토리 [D:\B_Util\5.ApacheTomcat\apache-tomcat-8.5.81\webapps\ROOT]을(를) 배치합니다.
22-Jun-2022 13:55:27.355 정보 [localhost-startStop-1] org.apache.catalina.startup.HostConfig.deployDirectory 웹 애플리케이션 디렉토리 [D:\B_Util\5.ApacheTomcat\apache-tomcat-8.5.81\webapps\ROOT]에 대한 배치가 [9] 밀리초에 완료되었습니다.
22-Jun-2022 13:55:27.357 정보 [main] org.apache.catalina.startup.Catalina.start Server startup in 361 ms
